<?xml version="1.0" encoding="UTF-8"?>
<!-- Generated by org.testng.reporters.JUnitReportReporter -->
<testsuite hostname="LAPTOP-5AUNIGAC" failures="0" tests="1" name="example.TC002" time="1.083" errors="0" timestamp="2025-05-22T18:01:10 EDT" skipped="0">
  <testcase classname="example.TC002" name="printAutoFeed" time="1.083"/>
</testsuite> <!-- example.TC002 -->
