<?xml version="1.0" encoding="UTF-8"?>
<!-- Generated by org.testng.reporters.JUnitReportReporter -->
<testsuite hostname="LAPTOP-5AUNIGAC" failures="0" tests="1" name="example.TC001" time="27.590" errors="0" timestamp="2025-05-22T18:01:10 EDT" skipped="0">
  <testcase classname="example.TC001" name="priceCompare" time="27.590"/>
</testsuite> <!-- example.TC001 -->
